<?xml version="1.0" encoding="UTF-8"?>
<!-- Generated by org.testng.reporters.JUnitReportReporter -->
<testsuite hostname="DESKTOP-O0SE6H4" failures="0" tests="2" name="sk.ivanmolcan.RestApiTest" time="0.001" errors="0" timestamp="2021-03-22T19:55:03 CET" skipped="0">
  <testcase classname="sk.ivanmolcan.RestApiTest" name="posjIra" time="0.001"/>
  <system-out/>
  <testcase classname="sk.ivanmolcan.RestApiTest" name="deleteTwitter" time="0.000"/>
  <system-out/>
</testsuite> <!-- sk.ivanmolcan.RestApiTest -->
