<?xml version="1.0" encoding="UTF-8"?>
<!-- Generated by org.testng.reporters.JUnitReportReporter -->
<testsuite hostname="DESKTOP-O0SE6H4" failures="0" tests="1" name="sk.ivanmolcan.AppTest" time="0.005" errors="0" timestamp="2021-03-21T21:45:15 CET" skipped="0">
  <testcase classname="sk.ivanmolcan.AppTest" name="shouldAnswerWithTrue" time="0.005"/>
  <system-out/>
</testsuite> <!-- sk.ivanmolcan.AppTest -->
