<?xml version="1.0" encoding="UTF-8"?>
<!-- Generated by org.testng.reporters.JUnitReportReporter -->
<testsuite hostname="DESKTOP-O0SE6H4" failures="0" tests="2" name="sk.ivanmolcan.SeleniumTest" time="0.000" errors="0" timestamp="2021-03-21T21:41:46 CET" skipped="0">
  <testcase classname="sk.ivanmolcan.SeleniumTest" name="browserAutomation" time="0.000"/>
  <system-out/>
  <testcase classname="sk.ivanmolcan.SeleniumTest" name="elementsUI" time="0.000"/>
  <system-out/>
</testsuite> <!-- sk.ivanmolcan.SeleniumTest -->
