<?xml version="1.0" encoding="UTF-8"?>
<!-- Generated by org.testng.reporters.JUnitReportReporter -->
<testsuite hostname="DESKTOP-O0SE6H4" failures="0" tests="2" name="sk.ivanmolcan.HomePage" time="8.591" errors="0" timestamp="2021-03-26T21:17:15 CET" skipped="0">
  <testcase classname="sk.ivanmolcan.HomePage" name="basePageNavigation" time="6.117"/>
  <system-out/>
  <testcase classname="sk.ivanmolcan.HomePage" name="basePageNavigation" time="2.474"/>
  <system-out/>
</testsuite> <!-- sk.ivanmolcan.HomePage -->
