<?xml version="1.0" encoding="UTF-8"?>
<!-- Generated by org.testng.reporters.JUnitReportReporter -->
<testsuite hostname="DESKTOP-O0SE6H4" failures="0" tests="1" name="sk.ivanmolcan.ValidateNavigationBar" time="0.157" errors="0" timestamp="2021-03-27T18:38:15 CET" skipped="0">
  <testcase classname="sk.ivanmolcan.ValidateNavigationBar" name="baseTitle" time="0.157"/>
  <system-out/>
</testsuite> <!-- sk.ivanmolcan.ValidateNavigationBar -->
