<?xml version="1.0" encoding="UTF-8"?>
<!-- Generated by org.testng.reporters.JUnitReportReporter -->
<testsuite hostname="DESKTOP-O0SE6H4" failures="0" tests="2" name="sk.ivanmolcan.HomePage" time="14.457" errors="0" timestamp="2021-03-27T10:09:52 CET" skipped="0">
  <testcase classname="sk.ivanmolcan.HomePage" name="basePageNavigation" time="10.844"/>
  <system-out/>
  <testcase classname="sk.ivanmolcan.HomePage" name="basePageNavigation" time="3.613"/>
  <system-out/>
</testsuite> <!-- sk.ivanmolcan.HomePage -->
