<?xml version="1.0" encoding="UTF-8"?>
<!-- Generated by org.testng.reporters.JUnitReportReporter -->
<testsuite hostname="DESKTOP-O0SE6H4" failures="0" tests="2" name="sk.ivanmolcan.HomePage" time="9.699" errors="0" timestamp="2021-03-27T18:38:15 CET" skipped="0">
  <testcase classname="sk.ivanmolcan.HomePage" name="basePageNavigation" time="3.029"/>
  <system-out/>
  <testcase classname="sk.ivanmolcan.HomePage" name="basePageNavigation" time="6.670"/>
  <system-out/>
</testsuite> <!-- sk.ivanmolcan.HomePage -->
