<?xml version="1.0" encoding="UTF-8"?>
<!-- Generated by org.testng.reporters.JUnitReportReporter -->
<testsuite hostname="DESKTOP-O0SE6H4" failures="0" tests="2" name="sk.ivanmolcan.HomePage" time="15.137" errors="0" timestamp="2021-03-26T20:13:35 CET" skipped="0">
  <testcase classname="sk.ivanmolcan.HomePage" name="basePageNavigation" time="7.544"/>
  <system-out/>
  <testcase classname="sk.ivanmolcan.HomePage" name="basePageNavigation" time="7.593"/>
  <system-out/>
</testsuite> <!-- sk.ivanmolcan.HomePage -->
