<?xml version="1.0" encoding="UTF-8"?>
<!-- Generated by org.testng.reporters.JUnitReportReporter -->
<testsuite hostname="DESKTOP-O0SE6H4" failures="0" tests="1" name="sk.ivanmolcan.ValidateTitle" time="0.032" errors="0" timestamp="2021-03-26T20:13:35 CET" skipped="0">
  <testcase classname="sk.ivanmolcan.ValidateTitle" name="baseTitle" time="0.032"/>
  <system-out/>
</testsuite> <!-- sk.ivanmolcan.ValidateTitle -->
